[2026-01-26T15:34:03.641+0000] {local_task_job_runner.py:120} INFO - ::group::Pre task execution logs
[2026-01-26T15:34:03.672+0000] {taskinstance.py:2076} INFO - Dependencies all met for dep_context=non-requeueable deps ti=<TaskInstance: hello_airflow.echo_date manual__2026-01-26T15:33:51.218052+00:00 [queued]>
[2026-01-26T15:34:03.680+0000] {taskinstance.py:2076} INFO - Dependencies all met for dep_context=requeueable deps ti=<TaskInstance: hello_airflow.echo_date manual__2026-01-26T15:33:51.218052+00:00 [queued]>
[2026-01-26T15:34:03.681+0000] {taskinstance.py:2306} INFO - Starting attempt 2 of 2
[2026-01-26T15:34:03.692+0000] {taskinstance.py:2330} INFO - Executing <Task(BashOperator): echo_date> on 2026-01-26 15:33:51.218052+00:00
[2026-01-26T15:34:03.698+0000] {logging_mixin.py:188} WARNING - /home/***/.local/lib/python3.12/site-packages/***/task/task_runner/standard_task_runner.py:62 DeprecationWarning: This process (pid=365) is multi-threaded, use of fork() may lead to deadlocks in the child.
[2026-01-26T15:34:03.700+0000] {standard_task_runner.py:64} INFO - Started process 366 to run task
[2026-01-26T15:34:03.698+0000] {standard_task_runner.py:90} INFO - Running: ['***', 'tasks', 'run', 'hello_***', 'echo_date', 'manual__2026-01-26T15:33:51.218052+00:00', '--job-id', '7', '--raw', '--subdir', 'DAGS_FOLDER/hello_***.py', '--cfg-path', '/tmp/tmpu9k49kqa']
[2026-01-26T15:34:03.701+0000] {standard_task_runner.py:91} INFO - Job 7: Subtask echo_date
[2026-01-26T15:34:03.769+0000] {task_command.py:426} INFO - Running <TaskInstance: hello_airflow.echo_date manual__2026-01-26T15:33:51.218052+00:00 [running]> on host 9ea953c27f6e
[2026-01-26T15:34:03.854+0000] {taskinstance.py:2648} INFO - Exporting env vars: AIRFLOW_CTX_DAG_OWNER='***' AIRFLOW_CTX_DAG_ID='hello_***' AIRFLOW_CTX_TASK_ID='echo_date' AIRFLOW_CTX_EXECUTION_DATE='2026-01-26T15:33:51.218052+00:00' AIRFLOW_CTX_TRY_NUMBER='2' AIRFLOW_CTX_DAG_RUN_ID='manual__2026-01-26T15:33:51.218052+00:00'
[2026-01-26T15:34:03.855+0000] {taskinstance.py:430} INFO - ::endgroup::
[2026-01-26T15:34:03.871+0000] {subprocess.py:63} INFO - Tmp dir root location: /tmp
[2026-01-26T15:34:03.873+0000] {subprocess.py:75} INFO - Running command: ['/usr/bin/bash', '-c', 'this_command_does_not_exist']
[2026-01-26T15:34:03.880+0000] {subprocess.py:86} INFO - Output:
[2026-01-26T15:34:03.881+0000] {subprocess.py:93} INFO - /usr/bin/bash: line 1: this_command_does_not_exist: command not found
[2026-01-26T15:34:03.882+0000] {subprocess.py:97} INFO - Command exited with return code 127
[2026-01-26T15:34:03.883+0000] {taskinstance.py:441} INFO - ::group::Post task execution logs
[2026-01-26T15:34:03.895+0000] {taskinstance.py:2905} ERROR - Task failed with exception
Traceback (most recent call last):
  File "/home/airflow/.local/lib/python3.12/site-packages/airflow/models/taskinstance.py", line 465, in _execute_task
    result = _execute_callable(context=context, **execute_callable_kwargs)
             ^^^^^^^^^^^^^^^^^^^^^^^^^^^^^^^^^^^^^^^^^^^^^^^^^^^^^^^^^^^^^
  File "/home/airflow/.local/lib/python3.12/site-packages/airflow/models/taskinstance.py", line 432, in _execute_callable
    return execute_callable(context=context, **execute_callable_kwargs)
           ^^^^^^^^^^^^^^^^^^^^^^^^^^^^^^^^^^^^^^^^^^^^^^^^^^^^^^^^^^^^
  File "/home/airflow/.local/lib/python3.12/site-packages/airflow/models/baseoperator.py", line 401, in wrapper
    return func(self, *args, **kwargs)
           ^^^^^^^^^^^^^^^^^^^^^^^^^^^
  File "/home/airflow/.local/lib/python3.12/site-packages/airflow/operators/bash.py", line 243, in execute
    raise AirflowException(
airflow.exceptions.AirflowException: Bash command failed. The command returned a non-zero exit code 127.
[2026-01-26T15:34:03.898+0000] {taskinstance.py:1206} INFO - Marking task as FAILED. dag_id=hello_***, task_id=echo_date, run_id=manual__2026-01-26T15:33:51.218052+00:00, execution_date=20260126T153351, start_date=20260126T153403, end_date=20260126T153403
[2026-01-26T15:34:03.912+0000] {standard_task_runner.py:110} ERROR - Failed to execute job 7 for task echo_date (Bash command failed. The command returned a non-zero exit code 127.; 366)
[2026-01-26T15:34:03.954+0000] {local_task_job_runner.py:243} INFO - Task exited with return code 1
[2026-01-26T15:34:03.974+0000] {taskinstance.py:3503} INFO - 0 downstream tasks scheduled from follow-on schedule check
[2026-01-26T15:34:03.978+0000] {local_task_job_runner.py:222} INFO - ::endgroup::
