[2026-01-26T15:33:52.597+0000] {local_task_job_runner.py:120} INFO - ::group::Pre task execution logs
[2026-01-26T15:33:52.632+0000] {taskinstance.py:2076} INFO - Dependencies all met for dep_context=non-requeueable deps ti=<TaskInstance: hello_airflow.echo_date manual__2026-01-26T15:33:51.218052+00:00 [queued]>
[2026-01-26T15:33:52.642+0000] {taskinstance.py:2076} INFO - Dependencies all met for dep_context=requeueable deps ti=<TaskInstance: hello_airflow.echo_date manual__2026-01-26T15:33:51.218052+00:00 [queued]>
[2026-01-26T15:33:52.643+0000] {taskinstance.py:2306} INFO - Starting attempt 1 of 2
[2026-01-26T15:33:52.654+0000] {taskinstance.py:2330} INFO - Executing <Task(BashOperator): echo_date> on 2026-01-26 15:33:51.218052+00:00
[2026-01-26T15:33:52.661+0000] {standard_task_runner.py:90} INFO - Running: ['***', 'tasks', 'run', 'hello_***', 'echo_date', 'manual__2026-01-26T15:33:51.218052+00:00', '--job-id', '6', '--raw', '--subdir', 'DAGS_FOLDER/hello_***.py', '--cfg-path', '/tmp/tmp73kltmyg']
[2026-01-26T15:33:52.664+0000] {logging_mixin.py:188} WARNING - /home/***/.local/lib/python3.12/site-packages/***/task/task_runner/standard_task_runner.py:62 DeprecationWarning: This process (pid=362) is multi-threaded, use of fork() may lead to deadlocks in the child.
[2026-01-26T15:33:52.665+0000] {standard_task_runner.py:91} INFO - Job 6: Subtask echo_date
[2026-01-26T15:33:52.666+0000] {standard_task_runner.py:64} INFO - Started process 363 to run task
[2026-01-26T15:33:52.766+0000] {task_command.py:426} INFO - Running <TaskInstance: hello_airflow.echo_date manual__2026-01-26T15:33:51.218052+00:00 [running]> on host 9ea953c27f6e
[2026-01-26T15:33:52.851+0000] {taskinstance.py:2648} INFO - Exporting env vars: AIRFLOW_CTX_DAG_OWNER='***' AIRFLOW_CTX_DAG_ID='hello_***' AIRFLOW_CTX_TASK_ID='echo_date' AIRFLOW_CTX_EXECUTION_DATE='2026-01-26T15:33:51.218052+00:00' AIRFLOW_CTX_TRY_NUMBER='1' AIRFLOW_CTX_DAG_RUN_ID='manual__2026-01-26T15:33:51.218052+00:00'
[2026-01-26T15:33:52.852+0000] {taskinstance.py:430} INFO - ::endgroup::
[2026-01-26T15:33:52.868+0000] {subprocess.py:63} INFO - Tmp dir root location: /tmp
[2026-01-26T15:33:52.869+0000] {subprocess.py:75} INFO - Running command: ['/usr/bin/bash', '-c', 'this_command_does_not_exist']
[2026-01-26T15:33:52.876+0000] {subprocess.py:86} INFO - Output:
[2026-01-26T15:33:52.878+0000] {subprocess.py:93} INFO - /usr/bin/bash: line 1: this_command_does_not_exist: command not found
[2026-01-26T15:33:52.879+0000] {subprocess.py:97} INFO - Command exited with return code 127
[2026-01-26T15:33:52.880+0000] {taskinstance.py:441} INFO - ::group::Post task execution logs
[2026-01-26T15:33:52.890+0000] {taskinstance.py:2905} ERROR - Task failed with exception
Traceback (most recent call last):
  File "/home/airflow/.local/lib/python3.12/site-packages/airflow/models/taskinstance.py", line 465, in _execute_task
    result = _execute_callable(context=context, **execute_callable_kwargs)
             ^^^^^^^^^^^^^^^^^^^^^^^^^^^^^^^^^^^^^^^^^^^^^^^^^^^^^^^^^^^^^
  File "/home/airflow/.local/lib/python3.12/site-packages/airflow/models/taskinstance.py", line 432, in _execute_callable
    return execute_callable(context=context, **execute_callable_kwargs)
           ^^^^^^^^^^^^^^^^^^^^^^^^^^^^^^^^^^^^^^^^^^^^^^^^^^^^^^^^^^^^
  File "/home/airflow/.local/lib/python3.12/site-packages/airflow/models/baseoperator.py", line 401, in wrapper
    return func(self, *args, **kwargs)
           ^^^^^^^^^^^^^^^^^^^^^^^^^^^
  File "/home/airflow/.local/lib/python3.12/site-packages/airflow/operators/bash.py", line 243, in execute
    raise AirflowException(
airflow.exceptions.AirflowException: Bash command failed. The command returned a non-zero exit code 127.
[2026-01-26T15:33:52.894+0000] {taskinstance.py:1206} INFO - Marking task as UP_FOR_RETRY. dag_id=hello_***, task_id=echo_date, run_id=manual__2026-01-26T15:33:51.218052+00:00, execution_date=20260126T153351, start_date=20260126T153352, end_date=20260126T153352
[2026-01-26T15:33:52.906+0000] {standard_task_runner.py:110} ERROR - Failed to execute job 6 for task echo_date (Bash command failed. The command returned a non-zero exit code 127.; 363)
[2026-01-26T15:33:52.921+0000] {local_task_job_runner.py:243} INFO - Task exited with return code 1
[2026-01-26T15:33:52.940+0000] {taskinstance.py:3503} INFO - 0 downstream tasks scheduled from follow-on schedule check
[2026-01-26T15:33:52.942+0000] {local_task_job_runner.py:222} INFO - ::endgroup::
