[2026-01-28T15:03:23.756+0000] {local_task_job_runner.py:120} INFO - ::group::Pre task execution logs
[2026-01-28T15:03:23.795+0000] {taskinstance.py:2076} INFO - Dependencies all met for dep_context=non-requeueable deps ti=<TaskInstance: scheduled_etl.echo_date manual__2026-01-28T15:03:00.520130+00:00 [queued]>
[2026-01-28T15:03:23.804+0000] {taskinstance.py:2076} INFO - Dependencies all met for dep_context=requeueable deps ti=<TaskInstance: scheduled_etl.echo_date manual__2026-01-28T15:03:00.520130+00:00 [queued]>
[2026-01-28T15:03:23.805+0000] {taskinstance.py:2306} INFO - Starting attempt 3 of 3
[2026-01-28T15:03:23.816+0000] {taskinstance.py:2330} INFO - Executing <Task(BashOperator): echo_date> on 2026-01-28 15:03:00.520130+00:00
[2026-01-28T15:03:23.825+0000] {standard_task_runner.py:90} INFO - Running: ['***', 'tasks', 'run', 'scheduled_etl', 'echo_date', 'manual__2026-01-28T15:03:00.520130+00:00', '--job-id', '264', '--raw', '--subdir', 'DAGS_FOLDER/etl_scheduled.py', '--cfg-path', '/tmp/tmpd8lkrxaa']
[2026-01-28T15:03:23.826+0000] {logging_mixin.py:188} WARNING - /home/***/.local/lib/python3.12/site-packages/***/task/task_runner/standard_task_runner.py:62 DeprecationWarning: This process (pid=1263) is multi-threaded, use of fork() may lead to deadlocks in the child.
[2026-01-28T15:03:23.827+0000] {standard_task_runner.py:91} INFO - Job 264: Subtask echo_date
[2026-01-28T15:03:23.828+0000] {standard_task_runner.py:64} INFO - Started process 1265 to run task
[2026-01-28T15:03:23.905+0000] {task_command.py:426} INFO - Running <TaskInstance: scheduled_etl.echo_date manual__2026-01-28T15:03:00.520130+00:00 [running]> on host 425adaa07389
[2026-01-28T15:03:23.984+0000] {taskinstance.py:2648} INFO - Exporting env vars: AIRFLOW_CTX_DAG_OWNER='***' AIRFLOW_CTX_DAG_ID='scheduled_etl' AIRFLOW_CTX_TASK_ID='echo_date' AIRFLOW_CTX_EXECUTION_DATE='2026-01-28T15:03:00.520130+00:00' AIRFLOW_CTX_TRY_NUMBER='3' AIRFLOW_CTX_DAG_RUN_ID='manual__2026-01-28T15:03:00.520130+00:00'
[2026-01-28T15:03:23.985+0000] {taskinstance.py:430} INFO - ::endgroup::
[2026-01-28T15:03:23.998+0000] {subprocess.py:63} INFO - Tmp dir root location: /tmp
[2026-01-28T15:03:24.004+0000] {subprocess.py:75} INFO - Running command: ['/usr/bin/bash', '-c', 'cat /tmp/raw.txt | this_command_does_not_exist > /tmp/transformed.txt']
[2026-01-28T15:03:24.011+0000] {subprocess.py:86} INFO - Output:
[2026-01-28T15:03:24.012+0000] {subprocess.py:93} INFO - /usr/bin/bash: line 1: this_command_does_not_exist: command not found
[2026-01-28T15:03:24.013+0000] {subprocess.py:97} INFO - Command exited with return code 127
[2026-01-28T15:03:24.014+0000] {taskinstance.py:441} INFO - ::group::Post task execution logs
[2026-01-28T15:03:24.025+0000] {taskinstance.py:2905} ERROR - Task failed with exception
Traceback (most recent call last):
  File "/home/airflow/.local/lib/python3.12/site-packages/airflow/models/taskinstance.py", line 465, in _execute_task
    result = _execute_callable(context=context, **execute_callable_kwargs)
             ^^^^^^^^^^^^^^^^^^^^^^^^^^^^^^^^^^^^^^^^^^^^^^^^^^^^^^^^^^^^^
  File "/home/airflow/.local/lib/python3.12/site-packages/airflow/models/taskinstance.py", line 432, in _execute_callable
    return execute_callable(context=context, **execute_callable_kwargs)
           ^^^^^^^^^^^^^^^^^^^^^^^^^^^^^^^^^^^^^^^^^^^^^^^^^^^^^^^^^^^^
  File "/home/airflow/.local/lib/python3.12/site-packages/airflow/models/baseoperator.py", line 401, in wrapper
    return func(self, *args, **kwargs)
           ^^^^^^^^^^^^^^^^^^^^^^^^^^^
  File "/home/airflow/.local/lib/python3.12/site-packages/airflow/operators/bash.py", line 243, in execute
    raise AirflowException(
airflow.exceptions.AirflowException: Bash command failed. The command returned a non-zero exit code 127.
[2026-01-28T15:03:24.029+0000] {taskinstance.py:1206} INFO - Marking task as FAILED. dag_id=scheduled_etl, task_id=echo_date, run_id=manual__2026-01-28T15:03:00.520130+00:00, execution_date=20260128T150300, start_date=20260128T150323, end_date=20260128T150324
[2026-01-28T15:03:24.038+0000] {standard_task_runner.py:110} ERROR - Failed to execute job 264 for task echo_date (Bash command failed. The command returned a non-zero exit code 127.; 1265)
[2026-01-28T15:03:24.045+0000] {local_task_job_runner.py:243} INFO - Task exited with return code 1
[2026-01-28T15:03:24.065+0000] {taskinstance.py:3503} INFO - 0 downstream tasks scheduled from follow-on schedule check
[2026-01-28T15:03:24.069+0000] {local_task_job_runner.py:222} INFO - ::endgroup::
