[2026-01-28T15:14:14.101+0000] {local_task_job_runner.py:120} INFO - ::group::Pre task execution logs
[2026-01-28T15:14:14.133+0000] {taskinstance.py:2076} INFO - Dependencies all met for dep_context=non-requeueable deps ti=<TaskInstance: scheduled_etl.echo_date manual__2026-01-28T15:14:00.790637+00:00 [queued]>
[2026-01-28T15:14:14.140+0000] {taskinstance.py:2076} INFO - Dependencies all met for dep_context=requeueable deps ti=<TaskInstance: scheduled_etl.echo_date manual__2026-01-28T15:14:00.790637+00:00 [queued]>
[2026-01-28T15:14:14.141+0000] {taskinstance.py:2306} INFO - Starting attempt 2 of 3
[2026-01-28T15:14:14.155+0000] {taskinstance.py:2330} INFO - Executing <Task(BashOperator): echo_date> on 2026-01-28 15:14:00.790637+00:00
[2026-01-28T15:14:14.161+0000] {logging_mixin.py:188} WARNING - /home/***/.local/lib/python3.12/site-packages/***/task/task_runner/standard_task_runner.py:62 DeprecationWarning: This process (pid=3427) is multi-threaded, use of fork() may lead to deadlocks in the child.
[2026-01-28T15:14:14.162+0000] {standard_task_runner.py:64} INFO - Started process 3429 to run task
[2026-01-28T15:14:14.162+0000] {standard_task_runner.py:90} INFO - Running: ['***', 'tasks', 'run', 'scheduled_etl', 'echo_date', 'manual__2026-01-28T15:14:00.790637+00:00', '--job-id', '767', '--raw', '--subdir', 'DAGS_FOLDER/etl_scheduled.py', '--cfg-path', '/tmp/tmpximtxxrj']
[2026-01-28T15:14:14.164+0000] {standard_task_runner.py:91} INFO - Job 767: Subtask echo_date
[2026-01-28T15:14:14.237+0000] {task_command.py:426} INFO - Running <TaskInstance: scheduled_etl.echo_date manual__2026-01-28T15:14:00.790637+00:00 [running]> on host 425adaa07389
[2026-01-28T15:14:14.314+0000] {taskinstance.py:2648} INFO - Exporting env vars: AIRFLOW_CTX_DAG_OWNER='***' AIRFLOW_CTX_DAG_ID='scheduled_etl' AIRFLOW_CTX_TASK_ID='echo_date' AIRFLOW_CTX_EXECUTION_DATE='2026-01-28T15:14:00.790637+00:00' AIRFLOW_CTX_TRY_NUMBER='2' AIRFLOW_CTX_DAG_RUN_ID='manual__2026-01-28T15:14:00.790637+00:00'
[2026-01-28T15:14:14.316+0000] {taskinstance.py:430} INFO - ::endgroup::
[2026-01-28T15:14:14.331+0000] {subprocess.py:63} INFO - Tmp dir root location: /tmp
[2026-01-28T15:14:14.333+0000] {subprocess.py:75} INFO - Running command: ['/usr/bin/bash', '-c', 'cat /tmp/raw.txt | this_command_does_not_exist > /tmp/transformed.txt']
[2026-01-28T15:14:14.341+0000] {subprocess.py:86} INFO - Output:
[2026-01-28T15:14:14.343+0000] {subprocess.py:93} INFO - /usr/bin/bash: line 1: this_command_does_not_exist: command not found
[2026-01-28T15:14:14.344+0000] {subprocess.py:97} INFO - Command exited with return code 127
[2026-01-28T15:14:14.345+0000] {taskinstance.py:441} INFO - ::group::Post task execution logs
[2026-01-28T15:14:14.355+0000] {taskinstance.py:2905} ERROR - Task failed with exception
Traceback (most recent call last):
  File "/home/airflow/.local/lib/python3.12/site-packages/airflow/models/taskinstance.py", line 465, in _execute_task
    result = _execute_callable(context=context, **execute_callable_kwargs)
             ^^^^^^^^^^^^^^^^^^^^^^^^^^^^^^^^^^^^^^^^^^^^^^^^^^^^^^^^^^^^^
  File "/home/airflow/.local/lib/python3.12/site-packages/airflow/models/taskinstance.py", line 432, in _execute_callable
    return execute_callable(context=context, **execute_callable_kwargs)
           ^^^^^^^^^^^^^^^^^^^^^^^^^^^^^^^^^^^^^^^^^^^^^^^^^^^^^^^^^^^^
  File "/home/airflow/.local/lib/python3.12/site-packages/airflow/models/baseoperator.py", line 401, in wrapper
    return func(self, *args, **kwargs)
           ^^^^^^^^^^^^^^^^^^^^^^^^^^^
  File "/home/airflow/.local/lib/python3.12/site-packages/airflow/operators/bash.py", line 243, in execute
    raise AirflowException(
airflow.exceptions.AirflowException: Bash command failed. The command returned a non-zero exit code 127.
[2026-01-28T15:14:14.359+0000] {taskinstance.py:1206} INFO - Marking task as UP_FOR_RETRY. dag_id=scheduled_etl, task_id=echo_date, run_id=manual__2026-01-28T15:14:00.790637+00:00, execution_date=20260128T151400, start_date=20260128T151414, end_date=20260128T151414
[2026-01-28T15:14:14.370+0000] {standard_task_runner.py:110} ERROR - Failed to execute job 767 for task echo_date (Bash command failed. The command returned a non-zero exit code 127.; 3429)
[2026-01-28T15:14:14.377+0000] {local_task_job_runner.py:243} INFO - Task exited with return code 1
[2026-01-28T15:14:14.398+0000] {taskinstance.py:3503} INFO - 0 downstream tasks scheduled from follow-on schedule check
[2026-01-28T15:14:14.400+0000] {local_task_job_runner.py:222} INFO - ::endgroup::
