[2026-01-28T15:45:44.808+0000] {local_task_job_runner.py:120} INFO - ::group::Pre task execution logs
[2026-01-28T15:45:44.839+0000] {taskinstance.py:2076} INFO - Dependencies all met for dep_context=non-requeueable deps ti=<TaskInstance: sensor_demo.wait_for_file manual__2026-01-28T15:45:32.928090+00:00 [queued]>
[2026-01-28T15:45:44.847+0000] {taskinstance.py:2076} INFO - Dependencies all met for dep_context=requeueable deps ti=<TaskInstance: sensor_demo.wait_for_file manual__2026-01-28T15:45:32.928090+00:00 [queued]>
[2026-01-28T15:45:44.848+0000] {taskinstance.py:2306} INFO - Starting attempt 2 of 2
[2026-01-28T15:45:44.859+0000] {taskinstance.py:2330} INFO - Executing <Task(FileSensor): wait_for_file> on 2026-01-28 15:45:32.928090+00:00
[2026-01-28T15:45:44.866+0000] {logging_mixin.py:188} WARNING - /home/***/.local/lib/python3.12/site-packages/***/task/task_runner/standard_task_runner.py:62 DeprecationWarning: This process (pid=187) is multi-threaded, use of fork() may lead to deadlocks in the child.
[2026-01-28T15:45:44.868+0000] {standard_task_runner.py:64} INFO - Started process 188 to run task
[2026-01-28T15:45:44.866+0000] {standard_task_runner.py:90} INFO - Running: ['***', 'tasks', 'run', 'sensor_demo', 'wait_for_file', 'manual__2026-01-28T15:45:32.928090+00:00', '--job-id', '1170', '--raw', '--subdir', 'DAGS_FOLDER/sensor_demo.py', '--cfg-path', '/tmp/tmp5b41e8y_']
[2026-01-28T15:45:44.869+0000] {standard_task_runner.py:91} INFO - Job 1170: Subtask wait_for_file
[2026-01-28T15:45:44.946+0000] {task_command.py:426} INFO - Running <TaskInstance: sensor_demo.wait_for_file manual__2026-01-28T15:45:32.928090+00:00 [running]> on host 425adaa07389
[2026-01-28T15:45:45.027+0000] {taskinstance.py:2648} INFO - Exporting env vars: AIRFLOW_CTX_DAG_OWNER='***' AIRFLOW_CTX_DAG_ID='sensor_demo' AIRFLOW_CTX_TASK_ID='wait_for_file' AIRFLOW_CTX_EXECUTION_DATE='2026-01-28T15:45:32.928090+00:00' AIRFLOW_CTX_TRY_NUMBER='2' AIRFLOW_CTX_DAG_RUN_ID='manual__2026-01-28T15:45:32.928090+00:00'
[2026-01-28T15:45:45.028+0000] {taskinstance.py:430} INFO - ::endgroup::
[2026-01-28T15:45:45.042+0000] {baseoperator.py:400} WARNING - FileSensor.execute cannot be called outside TaskInstance!
[2026-01-28T15:45:45.059+0000] {taskinstance.py:441} INFO - ::group::Post task execution logs
[2026-01-28T15:45:45.067+0000] {taskinstance.py:2905} ERROR - Task failed with exception
Traceback (most recent call last):
  File "/home/airflow/.local/lib/python3.12/site-packages/airflow/models/taskinstance.py", line 465, in _execute_task
    result = _execute_callable(context=context, **execute_callable_kwargs)
             ^^^^^^^^^^^^^^^^^^^^^^^^^^^^^^^^^^^^^^^^^^^^^^^^^^^^^^^^^^^^^
  File "/home/airflow/.local/lib/python3.12/site-packages/airflow/models/taskinstance.py", line 432, in _execute_callable
    return execute_callable(context=context, **execute_callable_kwargs)
           ^^^^^^^^^^^^^^^^^^^^^^^^^^^^^^^^^^^^^^^^^^^^^^^^^^^^^^^^^^^^
  File "/home/airflow/.local/lib/python3.12/site-packages/airflow/models/baseoperator.py", line 401, in wrapper
    return func(self, *args, **kwargs)
           ^^^^^^^^^^^^^^^^^^^^^^^^^^^
  File "/home/airflow/.local/lib/python3.12/site-packages/airflow/sensors/filesystem.py", line 99, in execute
    super().execute(context=context)
  File "/home/airflow/.local/lib/python3.12/site-packages/airflow/models/baseoperator.py", line 401, in wrapper
    return func(self, *args, **kwargs)
           ^^^^^^^^^^^^^^^^^^^^^^^^^^^
  File "/home/airflow/.local/lib/python3.12/site-packages/airflow/sensors/base.py", line 264, in execute
    raise e
  File "/home/airflow/.local/lib/python3.12/site-packages/airflow/sensors/base.py", line 246, in execute
    poke_return = self.poke(context)
                  ^^^^^^^^^^^^^^^^^^
  File "/home/airflow/.local/lib/python3.12/site-packages/airflow/sensors/filesystem.py", line 85, in poke
    self.log.info("Poking for file %s", self.path)
                                        ^^^^^^^^^
  File "/usr/local/lib/python3.12/functools.py", line 995, in __get__
    val = self.func(instance)
          ^^^^^^^^^^^^^^^^^^^
  File "/home/airflow/.local/lib/python3.12/site-packages/airflow/sensors/filesystem.py", line 79, in path
    hook = FSHook(self.fs_conn_id)
           ^^^^^^^^^^^^^^^^^^^^^^^
  File "/home/airflow/.local/lib/python3.12/site-packages/airflow/hooks/filesystem.py", line 64, in __init__
    conn = self.get_connection(fs_conn_id)
           ^^^^^^^^^^^^^^^^^^^^^^^^^^^^^^^
  File "/home/airflow/.local/lib/python3.12/site-packages/airflow/hooks/base.py", line 83, in get_connection
    conn = Connection.get_connection_from_secrets(conn_id)
           ^^^^^^^^^^^^^^^^^^^^^^^^^^^^^^^^^^^^^^^^^^^^^^^
  File "/home/airflow/.local/lib/python3.12/site-packages/airflow/models/connection.py", line 519, in get_connection_from_secrets
    raise AirflowNotFoundException(f"The conn_id `{conn_id}` isn't defined")
airflow.exceptions.AirflowNotFoundException: The conn_id `fs_default` isn't defined
[2026-01-28T15:45:45.071+0000] {taskinstance.py:1206} INFO - Marking task as FAILED. dag_id=sensor_demo, task_id=wait_for_file, run_id=manual__2026-01-28T15:45:32.928090+00:00, execution_date=20260128T154532, start_date=20260128T154544, end_date=20260128T154545
[2026-01-28T15:45:45.081+0000] {standard_task_runner.py:110} ERROR - Failed to execute job 1170 for task wait_for_file (The conn_id `fs_default` isn't defined; 188)
[2026-01-28T15:45:45.122+0000] {local_task_job_runner.py:243} INFO - Task exited with return code 1
[2026-01-28T15:45:45.146+0000] {taskinstance.py:3503} INFO - 0 downstream tasks scheduled from follow-on schedule check
[2026-01-28T15:45:45.150+0000] {local_task_job_runner.py:222} INFO - ::endgroup::
